[2026-03-22 09:53:54] Fatal Error: Cannot redeclare hasPermission() (previously declared in /opt/lampp/htdocs/mono-v2/config/constants.php:420) in /opt/lampp/htdocs/mono-v2/api/auth.php on line 695
[2026-03-22 09:53:54] Fatal Error: Cannot redeclare hasPermission() (previously declared in /opt/lampp/htdocs/mono-v2/config/constants.php:420) in /opt/lampp/htdocs/mono-v2/api/auth.php on line 695
[2026-03-22 09:54:33] Fatal Error: Cannot redeclare hasPermission() (previously declared in /opt/lampp/htdocs/mono-v2/config/constants.php:408) in /opt/lampp/htdocs/mono-v2/api/auth.php on line 695
[2026-03-22 09:54:33] Fatal Error: Cannot redeclare hasPermission() (previously declared in /opt/lampp/htdocs/mono-v2/config/constants.php:408) in /opt/lampp/htdocs/mono-v2/api/auth.php on line 695
[2026-03-22 09:55:21] Fatal Error: Cannot redeclare hasPermission() (previously declared in /opt/lampp/htdocs/mono-v2/config/constants.php:408) in /opt/lampp/htdocs/mono-v2/api/auth.php on line 695
[2026-03-22 10:13:25] ERROR: Authentication failed for test: SQLSTATE[42S02]: Base table or view not found: 1146 Table 'gabe.login_attempts' doesn't exist
[2026-03-22 10:16:02] ERROR: Authentication failed for admin: SQLSTATE[42S22]: Column not found: 1054 Unknown column 'created_at' in 'where clause'
[2026-03-22 10:16:54] Uncaught Exception: Undefined constant "LOGIN_ATTEMPT_TIMEOUT" in /opt/lampp/htdocs/mono-v2/api/auth.php on line 492
Stack trace:
#0 /opt/lampp/htdocs/mono-v2/api/auth.php(60): AuthSystem->checkRateLimit('admin')
#1 /opt/lampp/htdocs/mono-v2/api/auth.php(713): AuthSystem->authenticate('admin', 'password')
#2 {main}
[2026-03-22 10:16:55] Uncaught Exception: Undefined constant "LOGIN_ATTEMPT_TIMEOUT" in /opt/lampp/htdocs/mono-v2/api/auth.php on line 492
Stack trace:
#0 /opt/lampp/htdocs/mono-v2/api/auth.php(60): AuthSystem->checkRateLimit('admin')
#1 /opt/lampp/htdocs/mono-v2/api/auth.php(713): AuthSystem->authenticate('admin', 'admin')
#2 {main}
[2026-03-22 10:24:13] Uncaught Exception: Undefined constant "LOGIN_ATTEMPT_TIMEOUT" in /opt/lampp/htdocs/mono-v2/api/auth.php on line 492
Stack trace:
#0 /opt/lampp/htdocs/mono-v2/api/auth.php(60): AuthSystem->checkRateLimit('admin')
#1 /opt/lampp/htdocs/mono-v2/api/auth.php(713): AuthSystem->authenticate('admin', 'admin')
#2 {main}
[2026-03-22 10:24:47] ERROR: Authentication failed for admin: SQLSTATE[42S22]: Column not found: 1054 Unknown column 'deleted_at' in 'where clause'
[2026-03-22 10:25:59] ERROR: Authentication failed for admin: Username atau password salah
[2026-03-22 10:25:59] ERROR: Authentication failed for member001: Username atau password salah
[2026-03-22 10:26:14] ERROR: Authentication failed for admin: SQLSTATE[42S22]: Column not found: 1054 Unknown column 'last_login_at' in 'field list'
[2026-03-22 10:26:51] INFO: User authenticated: admin
[2026-03-22 10:27:22] ERROR: Authentication failed for bos: Username atau password salah
[2026-03-22 10:27:53] ERROR: Authentication failed for bos: Username atau password salah
[2026-03-22 10:28:07] ERROR: Authentication failed for bos: Username atau password salah
[2026-03-22 10:28:51] INFO: User authenticated: admin
[2026-03-22 10:28:51] INFO: User authenticated: manager
[2026-03-22 10:28:52] INFO: User authenticated: staff
[2026-03-22 10:29:01] INFO: User authenticated: member001
[2026-03-22 10:29:01] ERROR: Authentication failed for wrong: Username atau password salah
[2026-03-22 10:30:42] INFO: User authenticated: admin
[2026-03-22 10:30:43] INFO: User authenticated: manager
[2026-03-22 10:30:43] INFO: User authenticated: staff
[2026-03-22 10:30:43] INFO: User authenticated: member001
[2026-03-22 10:32:26] INFO: User authenticated: admin
[2026-03-22 10:32:27] Warning: Constant APP_ROOT already defined in /opt/lampp/htdocs/mono-v2/api/auth.php on line 11
[2026-03-22 10:32:27] Warning: Undefined variable $dashboardLayout in /opt/lampp/htdocs/mono-v2/main.php on line 117
[2026-03-22 10:32:27] Warning: Undefined variable $dashboardLayout in /opt/lampp/htdocs/mono-v2/main.php on line 158
[2026-03-22 10:32:27] INFO: User authenticated: manager
[2026-03-22 10:32:27] INFO: User authenticated: staff
[2026-03-22 10:32:27] INFO: User authenticated: member001
[2026-03-22 10:32:27] Warning: Constant APP_ROOT already defined in /opt/lampp/htdocs/mono-v2/api/auth.php on line 11
[2026-03-22 10:32:27] Warning: Undefined variable $dashboardLayout in /opt/lampp/htdocs/mono-v2/main.php on line 117
[2026-03-22 10:32:27] Warning: Undefined variable $dashboardLayout in /opt/lampp/htdocs/mono-v2/main.php on line 158
[2026-03-22 10:37:31] INFO: User authenticated: admin
[2026-03-22 10:37:31] INFO: User authenticated: admin
[2026-03-22 10:44:18] Uncaught Exception: Cannot access private property APIRouter::$endpoint in /opt/lampp/htdocs/mono-v2/api/index.php on line 220
Stack trace:
#0 {main}
[2026-03-22 10:44:18] INFO: User authenticated: admin
[2026-03-22 10:45:03] Warning: Constant APP_ROOT already defined in /opt/lampp/htdocs/mono-v2/api/auth.php on line 11
[2026-03-22 10:46:20] Warning: Constant APP_NAME already defined in /opt/lampp/htdocs/mono-v2/core/Config/constants.php on line 13
[2026-03-22 10:46:20] Warning: Constant APP_VERSION already defined in /opt/lampp/htdocs/mono-v2/core/Config/constants.php on line 14
[2026-03-22 10:46:20] Uncaught Exception: Undefined constant "APP_MODE" in /opt/lampp/htdocs/mono-v2/core/Config/constants.php on line 15
Stack trace:
#0 /opt/lampp/htdocs/mono-v2/api/auth.php(14): require_once()
#1 /opt/lampp/htdocs/mono-v2/index.php(40): require_once('/opt/lampp/htdo...')
#2 /opt/lampp/htdocs/mono-v2/index.php(49): loadEssentialFiles()
#3 {main}
[2026-03-22 10:46:37] Warning: Constant APP_NAME already defined in /opt/lampp/htdocs/mono-v2/core/Config/constants.php on line 13
[2026-03-22 10:46:37] Warning: Constant APP_VERSION already defined in /opt/lampp/htdocs/mono-v2/core/Config/constants.php on line 14
[2026-03-22 10:46:37] Uncaught Exception: Undefined constant "APP_MODE" in /opt/lampp/htdocs/mono-v2/core/Config/constants.php on line 15
Stack trace:
#0 /opt/lampp/htdocs/mono-v2/api/auth.php(14): require_once()
#1 /opt/lampp/htdocs/mono-v2/index.php(40): require_once('/opt/lampp/htdo...')
#2 /opt/lampp/htdocs/mono-v2/index.php(49): loadEssentialFiles()
#3 {main}
[2026-03-22 10:46:55] Warning: require_once(/opt/lampp/htdocs/mono-v2/config/../core/Config/error-config.php): Failed to open stream: No such file or directory in /opt/lampp/htdocs/mono-v2/api/auth.php on line 15
[2026-03-22 10:46:55] Uncaught Exception: Failed opening required '/opt/lampp/htdocs/mono-v2/config/../core/Config/error-config.php' (include_path='.:/opt/lampp/lib/php') in /opt/lampp/htdocs/mono-v2/api/auth.php on line 15
Stack trace:
#0 /opt/lampp/htdocs/mono-v2/index.php(40): require_once()
#1 /opt/lampp/htdocs/mono-v2/index.php(49): loadEssentialFiles()
#2 {main}
[2026-03-22 10:46:55] Uncaught Exception: Cannot access private property APIRouter::$endpoint in /opt/lampp/htdocs/mono-v2/api/index.php on line 220
Stack trace:
#0 {main}
[2026-03-22 10:47:14] Uncaught Exception: Cannot access private property APIRouter::$endpoint in /opt/lampp/htdocs/mono-v2/api/index.php on line 220
Stack trace:
#0 {main}
[2026-03-22 10:55:18] Uncaught Exception: Cannot access private property APIRouter::$endpoint in /opt/lampp/htdocs/mono-v2/api/index.php on line 220
Stack trace:
#0 {main}
