[22-Mar-2026 04:51:59 Asia/Jakarta] [Warning] Constant KSP_API_ACCESS already defined in /opt/lampp/htdocs/mono-v2/api/AuthHelper.php on line 359
[22-Mar-2026 04:52:10 Asia/Jakarta] [Warning] Constant KSP_API_ACCESS already defined in /opt/lampp/htdocs/mono-v2/api/AuthHelper.php on line 359
[22-Mar-2026 04:52:19 Asia/Jakarta] [Warning] Constant KSP_API_ACCESS already defined in /opt/lampp/htdocs/mono-v2/api/AuthHelper.php on line 359
[22-Mar-2026 04:52:19 Asia/Jakarta] Xdebug: [Step Debug] Could not connect to debugging client. Tried: localhost:9003 (through xdebug.client_host/xdebug.client_port) :-(
[22-Mar-2026 04:52:19 Asia/Jakarta] Fatal Error: Call to undefined method AuthHelper::generateJWTToken() in /opt/lampp/htdocs/mono-v2/api/test-dynamic-dashboard.php on line 67
[22-Mar-2026 04:52:35 Asia/Jakarta] [Warning] Constant KSP_API_ACCESS already defined in /opt/lampp/htdocs/mono-v2/api/AuthHelper.php on line 359
[22-Mar-2026 04:53:54 Asia/Jakarta] [Warning] Constant KSP_API_ACCESS already defined in /opt/lampp/htdocs/mono-v2/api/AuthHelper.php on line 359
[22-Mar-2026 04:53:54 Asia/Jakarta] [Warning] Constant KSP_API_ACCESS already defined in /opt/lampp/htdocs/mono-v2/api/SecurityHelper.php on line 659
[22-Mar-2026 04:53:54 Asia/Jakarta] [Warning] Cannot modify header information - headers already sent by (output started at /opt/lampp/htdocs/mono-v2/config/error-config.php:41) in /opt/lampp/htdocs/mono-v2/api/dynamic-dashboard.php on line 14
[22-Mar-2026 04:53:54 Asia/Jakarta] [Warning] Cannot modify header information - headers already sent by (output started at /opt/lampp/htdocs/mono-v2/config/error-config.php:41) in /opt/lampp/htdocs/mono-v2/api/dynamic-dashboard.php on line 15
[22-Mar-2026 04:53:54 Asia/Jakarta] [Warning] Undefined array key "REQUEST_METHOD" in /opt/lampp/htdocs/mono-v2/api/dynamic-dashboard.php on line 17
[22-Mar-2026 04:56:51 Asia/Jakarta] [Warning] Constant KSP_API_ACCESS already defined in /opt/lampp/htdocs/mono-v2/api/AuthHelper.php on line 359
[22-Mar-2026 04:57:10 Asia/Jakarta] [Warning] Constant KSP_API_ACCESS already defined in /opt/lampp/htdocs/mono-v2/api/AuthHelper.php on line 359
[22-Mar-2026 04:58:43 Asia/Jakarta] [Warning] Constant KSP_API_ACCESS already defined in /opt/lampp/htdocs/mono-v2/api/AuthHelper.php on line 359
[22-Mar-2026 04:58:47 Asia/Jakarta] [Warning] Constant KSP_API_ACCESS already defined in /opt/lampp/htdocs/mono-v2/api/AuthHelper.php on line 359
[22-Mar-2026 05:00:22 Asia/Jakarta] Xdebug: [Step Debug] Could not connect to debugging client. Tried: localhost:9003 (through xdebug.client_host/xdebug.client_port) :-(
[22-Mar-2026 05:00:22 Asia/Jakarta] Fatal Error: Call to undefined function split() in /opt/lampp/htdocs/mono-v2/api/debug-token.php on line 41
[22-Mar-2026 05:04:25 Asia/Jakarta] [Warning] Constant KSP_API_ACCESS already defined in /opt/lampp/htdocs/mono-v2/api/AuthHelper.php on line 359
[22-Mar-2026 05:05:46 Asia/Jakarta] Xdebug: [Step Debug] Could not connect to debugging client. Tried: localhost:9003 (through xdebug.client_host/xdebug.client_port) :-(
[22-Mar-2026 05:05:46 Asia/Jakarta] Fatal Error: Undefined constant "undefined" in /opt/lampp/htdocs/mono-v2/api/debug-browser-token.php on line 23
